<?xml version="1.0" encoding="UTF-8"?>
<testng-results ignored="0" total="1" passed="1" failed="0" skipped="0">
  <reporter-output>
  </reporter-output>
  <suite started-at="2024-02-29T17:13:31 IST" name="Suite" finished-at="2024-02-29T17:13:45 IST" duration-ms="13856">
    <groups>
    </groups>
    <test started-at="2024-02-29T17:13:31 IST" name="Test" finished-at="2024-02-29T17:13:45 IST" duration-ms="13856">
      <class name="Proj.Propracs.Visa">
        <test-method signature="fillImmigrationDetails()[pri:0, instance:Proj.Propracs.Visa@31e5415e]" started-at="2024-02-29T17:13:31 IST" name="fillImmigrationDetails" finished-at="2024-02-29T17:13:45 IST" duration-ms="13812" status="PASS">
          <reporter-output>
          </reporter-output>
        </test-method> <!-- fillImmigrationDetails -->
      </class> <!-- Proj.Propracs.Visa -->
    </test> <!-- Test -->
  </suite> <!-- Suite -->
</testng-results>
